<?xml version="1.0" encoding="UTF-8"?>
<!-- Generated by org.testng.reporters.JUnitXMLReporter -->
<testsuite hostname="CNDDINESHVENKAT" ignored="0" name="SampleiOS" tests="1" failures="0" timestamp="07 Jul 2017 12:46:40 GMT" time="0.304" errors="0">
  <testcase name="@BeforeSuite init" time="300.622" classname="Seetest.SampleiOSTest">
    <failure type="java.lang.NullPointerException">
      <![CDATA[java.lang.NullPointerException
	at com.seetest.propertyfilereader.PropertyFileReader.getproperty(PropertyFileReader.java:31)
	at com.seetest.driverInstance.SeetestCommandBase.init(SeetestCommandBase.java:76)
	at com.seetest.driverInstance.SeetestCommandBase.<init>(SeetestCommandBase.java:70)
	at Seetest.SampleiOSTest.init(SampleiOSTest.java:16)
... Removed 19 stack frames]]>
    </failure>
  </testcase> <!-- @BeforeSuite init -->
  <testcase name="test1" time="0.001" classname="Seetest.SampleiOSTest">
    <skipped/>
  </testcase> <!-- test1 -->
</testsuite> <!-- SampleiOS -->
